
-----
Test: tests/test_add_pet.py::test_add_pet[20421403-category0-Barni] (call)
Time: 2025-04-16 03:09:17.597212
Request method: POST
Request URL: https://petstore.swagger.io/v2/pet

Response code: 200
Response text: {"id":20421403,"category":{"id":21,"name":"cat"},"name":"Barni","photoUrls":["string"],"tags":[{"id":0,"name":"string"}],"status":"available"}
Response headers: {'Date': 'Wed, 16 Apr 2025 00:09:18 GMT', 'Content-Type': 'application/json', 'Transfer-Encoding': 'chunked', 'Connection': 'keep-alive', 'Access-Control-Allow-Origin': '*', 'Access-Control-Allow-Methods': 'GET, POST, DELETE, PUT', 'Access-Control-Allow-Headers': 'Content-Type, api_key, Authorization', 'Server': 'Jetty(9.2.9.v20150224)'}
Response cookies: {}

-----

-----
Test: tests/test_add_pet.py::test_add_pet[20421403-category0-Barni] (call)
Time: 2025-04-16 03:09:18.235248
Request method: GET
Request URL: https://petstore.swagger.io/v2/pet/20421403

Response code: 200
Response text: {"id":20421403,"category":{"id":21,"name":"cat"},"name":"Barni","photoUrls":["string"],"tags":[{"id":0,"name":"string"}],"status":"available"}
Response headers: {'Date': 'Wed, 16 Apr 2025 00:09:18 GMT', 'Content-Type': 'application/json', 'Transfer-Encoding': 'chunked', 'Connection': 'keep-alive', 'Access-Control-Allow-Origin': '*', 'Access-Control-Allow-Methods': 'GET, POST, DELETE, PUT', 'Access-Control-Allow-Headers': 'Content-Type, api_key, Authorization', 'Server': 'Jetty(9.2.9.v20150224)'}
Response cookies: {}

-----

-----
Test: tests/test_add_pet.py::test_add_pet[20421403-category0-Barni] (teardown)
Time: 2025-04-16 03:09:18.843058
Request method: DELETE
Request URL: https://petstore.swagger.io/v2/pet/20421403

Response code: 200
Response text: {"code":200,"type":"unknown","message":"20421403"}
Response headers: {'Date': 'Wed, 16 Apr 2025 00:09:19 GMT', 'Content-Type': 'application/json', 'Transfer-Encoding': 'chunked', 'Connection': 'keep-alive', 'Access-Control-Allow-Origin': '*', 'Access-Control-Allow-Methods': 'GET, POST, DELETE, PUT', 'Access-Control-Allow-Headers': 'Content-Type, api_key, Authorization', 'Server': 'Jetty(9.2.9.v20150224)'}
Response cookies: {}

-----

-----
Test: tests/test_delete_pet.py::test_delete_pet[20421403-category0-Barni] (call)
Time: 2025-04-16 03:09:19.469326
Request method: POST
Request URL: https://petstore.swagger.io/v2/pet

Response code: 200
Response text: {"id":20421403,"category":{"id":21,"name":"cat"},"name":"Barni","photoUrls":["string"],"tags":[{"id":0,"name":"string"}],"status":"available"}
Response headers: {'Date': 'Wed, 16 Apr 2025 00:09:20 GMT', 'Content-Type': 'application/json', 'Transfer-Encoding': 'chunked', 'Connection': 'keep-alive', 'Access-Control-Allow-Origin': '*', 'Access-Control-Allow-Methods': 'GET, POST, DELETE, PUT', 'Access-Control-Allow-Headers': 'Content-Type, api_key, Authorization', 'Server': 'Jetty(9.2.9.v20150224)'}
Response cookies: {}

-----

-----
Test: tests/test_delete_pet.py::test_delete_pet[20421403-category0-Barni] (call)
Time: 2025-04-16 03:09:20.089803
Request method: DELETE
Request URL: https://petstore.swagger.io/v2/pet/20421403

Response code: 200
Response text: {"code":200,"type":"unknown","message":"20421403"}
Response headers: {'Date': 'Wed, 16 Apr 2025 00:09:20 GMT', 'Content-Type': 'application/json', 'Transfer-Encoding': 'chunked', 'Connection': 'keep-alive', 'Access-Control-Allow-Origin': '*', 'Access-Control-Allow-Methods': 'GET, POST, DELETE, PUT', 'Access-Control-Allow-Headers': 'Content-Type, api_key, Authorization', 'Server': 'Jetty(9.2.9.v20150224)'}
Response cookies: {}

-----

-----
Test: tests/test_delete_pet.py::test_delete_pet[20421403-category0-Barni] (call)
Time: 2025-04-16 03:09:20.701694
Request method: GET
Request URL: https://petstore.swagger.io/v2/pet/20421403

Response code: 404
Response text: {"code":1,"type":"error","message":"Pet not found"}
Response headers: {'Date': 'Wed, 16 Apr 2025 00:09:21 GMT', 'Content-Type': 'application/json', 'Transfer-Encoding': 'chunked', 'Connection': 'keep-alive', 'Access-Control-Allow-Origin': '*', 'Access-Control-Allow-Methods': 'GET, POST, DELETE, PUT', 'Access-Control-Allow-Headers': 'Content-Type, api_key, Authorization', 'Server': 'Jetty(9.2.9.v20150224)'}
Response cookies: {}

-----

-----
Test: tests/test_delete_pet.py::test_delete_pet[20421403-category0-Barni] (teardown)
Time: 2025-04-16 03:09:21.324269
Request method: DELETE
Request URL: https://petstore.swagger.io/v2/pet/20421403

Response code: 404
Response text: 
Response headers: {'Date': 'Wed, 16 Apr 2025 00:09:21 GMT', 'Content-Length': '0', 'Connection': 'keep-alive', 'Access-Control-Allow-Origin': '*', 'Access-Control-Allow-Methods': 'GET, POST, DELETE, PUT', 'Access-Control-Allow-Headers': 'Content-Type, api_key, Authorization', 'Server': 'Jetty(9.2.9.v20150224)'}
Response cookies: {}

-----

-----
Test: tests/test_pet_by_id.py::test_pet_by_id[20421403-category0-Barni] (call)
Time: 2025-04-16 03:09:21.933985
Request method: POST
Request URL: https://petstore.swagger.io/v2/pet

Response code: 200
Response text: {"id":20421403,"category":{"id":21,"name":"cat"},"name":"Barni","photoUrls":["string"],"tags":[{"id":0,"name":"string"}],"status":"available"}
Response headers: {'Date': 'Wed, 16 Apr 2025 00:09:22 GMT', 'Content-Type': 'application/json', 'Transfer-Encoding': 'chunked', 'Connection': 'keep-alive', 'Access-Control-Allow-Origin': '*', 'Access-Control-Allow-Methods': 'GET, POST, DELETE, PUT', 'Access-Control-Allow-Headers': 'Content-Type, api_key, Authorization', 'Server': 'Jetty(9.2.9.v20150224)'}
Response cookies: {}

-----

-----
Test: tests/test_pet_by_id.py::test_pet_by_id[20421403-category0-Barni] (call)
Time: 2025-04-16 03:09:22.545534
Request method: GET
Request URL: https://petstore.swagger.io/v2/pet/20421403

Response code: 200
Response text: {"id":20421403,"category":{"id":21,"name":"cat"},"name":"Barni","photoUrls":["string"],"tags":[{"id":0,"name":"string"}],"status":"available"}
Response headers: {'Date': 'Wed, 16 Apr 2025 00:09:23 GMT', 'Content-Type': 'application/json', 'Transfer-Encoding': 'chunked', 'Connection': 'keep-alive', 'Access-Control-Allow-Origin': '*', 'Access-Control-Allow-Methods': 'GET, POST, DELETE, PUT', 'Access-Control-Allow-Headers': 'Content-Type, api_key, Authorization', 'Server': 'Jetty(9.2.9.v20150224)'}
Response cookies: {}

-----

-----
Test: tests/test_pet_by_id.py::test_pet_by_id[20421403-category0-Barni] (teardown)
Time: 2025-04-16 03:09:23.172426
Request method: DELETE
Request URL: https://petstore.swagger.io/v2/pet/20421403

Response code: 200
Response text: {"code":200,"type":"unknown","message":"20421403"}
Response headers: {'Date': 'Wed, 16 Apr 2025 00:09:23 GMT', 'Content-Type': 'application/json', 'Transfer-Encoding': 'chunked', 'Connection': 'keep-alive', 'Access-Control-Allow-Origin': '*', 'Access-Control-Allow-Methods': 'GET, POST, DELETE, PUT', 'Access-Control-Allow-Headers': 'Content-Type, api_key, Authorization', 'Server': 'Jetty(9.2.9.v20150224)'}
Response cookies: {}

-----

-----
Test: tests/test_update_pet.py::test_update_pet[20421403-category0-Barni] (call)
Time: 2025-04-16 03:09:23.798214
Request method: POST
Request URL: https://petstore.swagger.io/v2/pet

Response code: 200
Response text: {"id":20421403,"category":{"id":21,"name":"cat"},"name":"Barni","photoUrls":["string"],"tags":[{"id":0,"name":"string"}],"status":"available"}
Response headers: {'Date': 'Wed, 16 Apr 2025 00:09:24 GMT', 'Content-Type': 'application/json', 'Transfer-Encoding': 'chunked', 'Connection': 'keep-alive', 'Access-Control-Allow-Origin': '*', 'Access-Control-Allow-Methods': 'GET, POST, DELETE, PUT', 'Access-Control-Allow-Headers': 'Content-Type, api_key, Authorization', 'Server': 'Jetty(9.2.9.v20150224)'}
Response cookies: {}

-----

-----
Test: tests/test_update_pet.py::test_update_pet[20421403-category0-Barni] (call)
Time: 2025-04-16 03:09:24.420522
Request method: PUT
Request URL: https://petstore.swagger.io/v2/pet

Response code: 200
Response text: {"id":20421403,"category":{"id":22,"name":"catUP"},"name":"BarniUP","photoUrls":["string"],"tags":[{"id":0,"name":"string"}],"status":"available"}
Response headers: {'Date': 'Wed, 16 Apr 2025 00:09:25 GMT', 'Content-Type': 'application/json', 'Transfer-Encoding': 'chunked', 'Connection': 'keep-alive', 'Access-Control-Allow-Origin': '*', 'Access-Control-Allow-Methods': 'GET, POST, DELETE, PUT', 'Access-Control-Allow-Headers': 'Content-Type, api_key, Authorization', 'Server': 'Jetty(9.2.9.v20150224)'}
Response cookies: {}

-----

-----
Test: tests/test_update_pet.py::test_update_pet[20421403-category0-Barni] (call)
Time: 2025-04-16 03:09:25.056425
Request method: GET
Request URL: https://petstore.swagger.io/v2/pet/20421403

Response code: 200
Response text: {"id":20421403,"category":{"id":22,"name":"catUP"},"name":"BarniUP","photoUrls":["string"],"tags":[{"id":0,"name":"string"}],"status":"available"}
Response headers: {'Date': 'Wed, 16 Apr 2025 00:09:25 GMT', 'Content-Type': 'application/json', 'Transfer-Encoding': 'chunked', 'Connection': 'keep-alive', 'Access-Control-Allow-Origin': '*', 'Access-Control-Allow-Methods': 'GET, POST, DELETE, PUT', 'Access-Control-Allow-Headers': 'Content-Type, api_key, Authorization', 'Server': 'Jetty(9.2.9.v20150224)'}
Response cookies: {}

-----

-----
Test: tests/test_update_pet.py::test_update_pet[20421403-category0-Barni] (teardown)
Time: 2025-04-16 03:09:25.664125
Request method: DELETE
Request URL: https://petstore.swagger.io/v2/pet/20421403

Response code: 404
Response text: 
Response headers: {'Date': 'Wed, 16 Apr 2025 00:09:26 GMT', 'Content-Length': '0', 'Connection': 'keep-alive', 'Access-Control-Allow-Origin': '*', 'Access-Control-Allow-Methods': 'GET, POST, DELETE, PUT', 'Access-Control-Allow-Headers': 'Content-Type, api_key, Authorization', 'Server': 'Jetty(9.2.9.v20150224)'}
Response cookies: {}

-----
