
-----
Test: tests/test_pet_api.py::TestPetApi::test_pet[287954370-1-BARNI-Cat] (call)
Time: 2025-03-28 19:49:47.053700
Request method: POST
Request URL: https://petstore.swagger.io/v2/pet

Response code: 200
Response text: {"id":287954370,"category":{"id":1,"name":"BARNI"},"name":"Cat","photoUrls":["string"],"tags":[{"id":0,"name":"string"}],"status":"available"}
Response headers: {'Date': 'Fri, 28 Mar 2025 16:49:48 GMT', 'Content-Type': 'application/json', 'Transfer-Encoding': 'chunked', 'Connection': 'keep-alive', 'Access-Control-Allow-Origin': '*', 'Access-Control-Allow-Methods': 'GET, POST, DELETE, PUT', 'Access-Control-Allow-Headers': 'Content-Type, api_key, Authorization', 'Server': 'Jetty(9.2.9.v20150224)'}
Response cookies: {}

-----

-----
Test: tests/test_pet_api.py::TestPetApi::test_pet[287954370-1-BARNI-Cat] (call)
Time: 2025-03-28 19:49:48.024678
Request method: GET
Request URL: https://petstore.swagger.io/v2/pet/287954370

Response code: 404
Response text: {"code":1,"type":"error","message":"Pet not found"}
Response headers: {'Date': 'Fri, 28 Mar 2025 16:49:48 GMT', 'Content-Type': 'application/json', 'Transfer-Encoding': 'chunked', 'Connection': 'keep-alive', 'Access-Control-Allow-Origin': '*', 'Access-Control-Allow-Methods': 'GET, POST, DELETE, PUT', 'Access-Control-Allow-Headers': 'Content-Type, api_key, Authorization', 'Server': 'Jetty(9.2.9.v20150224)'}
Response cookies: {}

-----
